<?xml version="1.0" encoding="UTF-8"?>
<testsuite name="ru.stqa.pft.addressbook.tests.ContactCreationTests" tests="3" skipped="0" failures="0" errors="0" timestamp="2018-03-18T11:36:01" hostname="DESKTOP-F9751PS" time="14.209">
  <properties/>
  <testcase name="TestContactCreationTests[0](ContactData{id='2147483647', firstname='TestLastName 0', lastname='TestFirstName 0'})" classname="ru.stqa.pft.addressbook.tests.ContactCreationTests" time="6.286"/>
  <testcase name="TestContactCreationTests[1](ContactData{id='2147483647', firstname='TestLastName 1', lastname='TestFirstName 1'})" classname="ru.stqa.pft.addressbook.tests.ContactCreationTests" time="3.785"/>
  <testcase name="TestContactCreationTests[2](ContactData{id='2147483647', firstname='TestLastName 2', lastname='TestFirstName 2'})" classname="ru.stqa.pft.addressbook.tests.ContactCreationTests" time="4.136"/>
  <system-out><![CDATA[]]></system-out>
  <system-err><![CDATA[]]></system-err>
</testsuite>
